{
  "RSpec": {
    "coverage": {
      "/Users/fazlaahmet/Desktop/fazla-sms/Rspec-practice/app/models/article.rb": {
        "lines": [
          1,
          null
        ]
      },
      "/Users/fazlaahmet/Desktop/fazla-sms/Rspec-practice/app/models/application_record.rb": {
        "lines": [
          1,
          1,
          null
        ]
      },
      "/Users/fazlaahmet/Desktop/fazla-sms/Rspec-practice/spec/requests/articles_spec.rb": {
        "lines": [
          1,
          null,
          1,
          10,
          null,
          1,
          1,
          1,
          1,
          null,
          null,
          1,
          1,
          1,
          1,
          null,
          null,
          null,
          1,
          2,
          2,
          2,
          1,
          1,
          1,
          null,
          null,
          null,
          1,
          3,
          3,
          3,
          null,
          1,
          1,
          null,
          null,
          1,
          1,
          1,
          null,
          null,
          null,
          1,
          3,
          3,
          3,
          3,
          null,
          1,
          1,
          1,
          null,
          null,
          1,
          1,
          1,
          null,
          null,
          null,
          1,
          3,
          3,
          null,
          1,
          1,
          1,
          null,
          null,
          1,
          4,
          null,
          null,
          null,
          null,
          null
        ]
      },
      "/Users/fazlaahmet/Desktop/fazla-sms/Rspec-practice/spec/routing/articles_routing_spec.rb": {
        "lines": [
          1,
          null,
          1,
          1,
          1,
          1,
          null,
          null,
          1,
          1,
          null,
          null,
          1,
          1,
          null,
          null,
          1,
          1,
          1,
          null,
          null,
          1,
          1,
          null,
          null,
          null
        ]
      },
      "/Users/fazlaahmet/Desktop/fazla-sms/Rspec-practice/app/controllers/articles_controller.rb": {
        "lines": [
          1,
          1,
          null,
          null,
          1,
          2,
          null,
          2,
          null,
          null,
          null,
          1,
          3,
          null,
          null,
          null,
          1,
          2,
          null,
          2,
          2,
          null,
          0,
          null,
          null,
          null,
          null,
          1,
          0,
          0,
          null,
          0,
          null,
          null,
          null,
          null,
          1,
          2,
          null,
          null,
          1,
          null,
          1,
          5,
          null,
          null,
          null,
          1,
          2,
          null,
          null
        ]
      },
      "/Users/fazlaahmet/Desktop/fazla-sms/Rspec-practice/app/controllers/application_controller.rb": {
        "lines": [
          1,
          null
        ]
      }
    },
    "timestamp": 1651098422
  }
}
